TN:
SF:src/server/index.js
FN:36,sendGeonamesData
FN:43,addWeather
FN:63,sendWeatherBitData
FN:70,addWeatherBitData
FN:89,sendRestCountriesData
FN:96,addRestCountriesData
FN:115,sendPixabayImagesData
FN:122,addPixabayImagesData
FNF:8
FNH:0
FNDA:0,sendGeonamesData
FNDA:0,addWeather
FNDA:0,sendWeatherBitData
FNDA:0,addWeatherBitData
FNDA:0,sendRestCountriesData
FNDA:0,addRestCountriesData
FNDA:0,sendPixabayImagesData
FNDA:0,addPixabayImagesData
DA:3,1
DA:4,1
DA:5,1
DA:6,1
DA:10,1
DA:11,1
DA:12,1
DA:13,1
DA:14,1
DA:16,1
DA:17,1
DA:19,1
DA:20,1
DA:22,1
DA:23,1
DA:24,1
DA:25,1
DA:34,1
DA:37,0
DA:41,1
DA:44,0
DA:46,0
DA:47,0
DA:48,0
DA:49,0
DA:50,0
DA:52,0
DA:53,0
DA:61,1
DA:64,0
DA:68,1
DA:71,0
DA:73,0
DA:74,0
DA:75,0
DA:76,0
DA:78,0
DA:79,0
DA:87,1
DA:90,0
DA:94,1
DA:97,0
DA:99,0
DA:100,0
DA:101,0
DA:102,0
DA:104,0
DA:105,0
DA:113,1
DA:116,0
DA:120,1
DA:123,0
DA:125,0
DA:127,0
DA:128,0
LF:55
LH:25
BRF:0
BRH:0
end_of_record
